c:\users\kbc17b12\desktop\gamea\game\bulletphysics\src\linearmath\x64\debug\linearmath.pdb
c:\users\kbc17b12\desktop\gamea\game\bulletphysics\src\linearmath\x64\debug\btvector3.obj
c:\users\kbc17b12\desktop\gamea\game\bulletphysics\src\linearmath\x64\debug\btserializer.obj
c:\users\kbc17b12\desktop\gamea\game\bulletphysics\src\linearmath\x64\debug\btquickprof.obj
c:\users\kbc17b12\desktop\gamea\game\bulletphysics\src\linearmath\x64\debug\btpolardecomposition.obj
c:\users\kbc17b12\desktop\gamea\game\bulletphysics\src\linearmath\x64\debug\btgeometryutil.obj
c:\users\kbc17b12\desktop\gamea\game\bulletphysics\src\linearmath\x64\debug\btconvexhullcomputer.obj
c:\users\kbc17b12\desktop\gamea\game\bulletphysics\src\linearmath\x64\debug\btconvexhull.obj
c:\users\kbc17b12\desktop\gamea\game\bulletphysics\src\linearmath\x64\debug\btalignedallocator.obj
c:\users\kbc17b12\desktop\game_m\game\bulletphysics\src\linearmath\x64\debug\linearmath.pdb
c:\users\kbc17b12\desktop\game_m\game\bulletphysics\src\linearmath\x64\debug\btvector3.obj
c:\users\kbc17b12\desktop\game_m\game\bulletphysics\src\linearmath\x64\debug\btserializer.obj
c:\users\kbc17b12\desktop\game_m\game\bulletphysics\src\linearmath\x64\debug\btquickprof.obj
c:\users\kbc17b12\desktop\game_m\game\bulletphysics\src\linearmath\x64\debug\btpolardecomposition.obj
c:\users\kbc17b12\desktop\game_m\game\bulletphysics\src\linearmath\x64\debug\btgeometryutil.obj
c:\users\kbc17b12\desktop\game_m\game\bulletphysics\src\linearmath\x64\debug\btconvexhullcomputer.obj
c:\users\kbc17b12\desktop\game_m\game\bulletphysics\src\linearmath\x64\debug\btconvexhull.obj
c:\users\kbc17b12\desktop\game_m\game\bulletphysics\src\linearmath\x64\debug\btalignedallocator.obj
c:\users\kbc17b12\desktop\game_m\x64\debug\linearmath_debug.lib
c:\users\kbc17b12\desktop\gamea\x64\debug\linearmath_debug.lib
c:\users\kbc17b12\desktop\game_alf\game\bulletphysics\src\linearmath\x64\debug\btalignedallocator.obj
c:\users\kbc17b12\desktop\game_alf\game\bulletphysics\src\linearmath\x64\debug\btconvexhull.obj
c:\users\kbc17b12\desktop\game_alf\game\bulletphysics\src\linearmath\x64\debug\btconvexhullcomputer.obj
c:\users\kbc17b12\desktop\game_alf\game\bulletphysics\src\linearmath\x64\debug\btgeometryutil.obj
c:\users\kbc17b12\desktop\game_alf\game\bulletphysics\src\linearmath\x64\debug\btpolardecomposition.obj
c:\users\kbc17b12\desktop\game_alf\game\bulletphysics\src\linearmath\x64\debug\btquickprof.obj
c:\users\kbc17b12\desktop\game_alf\game\bulletphysics\src\linearmath\x64\debug\btserializer.obj
c:\users\kbc17b12\desktop\game_alf\game\bulletphysics\src\linearmath\x64\debug\btvector3.obj
c:\users\kbc17b12\desktop\game_alf\game\bulletphysics\src\linearmath\x64\debug\linearmath.pdb
c:\users\kbc17b12\desktop\game_alf\x64\debug\linearmath_debug.lib
c:\users\kbc17b12\desktop\game_alf\game\bulletphysics\src\linearmath\x64\debug\linearmath.tlog\cl.11924.read.1.tlog
c:\users\kbc17b12\desktop\game_alf\game\bulletphysics\src\linearmath\x64\debug\linearmath.tlog\cl.11924.write.1.tlog
c:\users\kbc17b12\desktop\game_alf\game\bulletphysics\src\linearmath\x64\debug\linearmath.tlog\cl.command.1.tlog
c:\users\kbc17b12\desktop\game_alf\game\bulletphysics\src\linearmath\x64\debug\linearmath.tlog\cl.read.1.tlog
c:\users\kbc17b12\desktop\game_alf\game\bulletphysics\src\linearmath\x64\debug\linearmath.tlog\cl.write.1.tlog
c:\users\kbc17b12\desktop\game_alf\game\bulletphysics\src\linearmath\x64\debug\linearmath.tlog\lib-link.read.1.tlog
c:\users\kbc17b12\desktop\game_alf\game\bulletphysics\src\linearmath\x64\debug\linearmath.tlog\lib-link.write.1.tlog
c:\users\kbc17b12\desktop\game_alf\game\bulletphysics\src\linearmath\x64\debug\linearmath.tlog\lib.6964-link.read.1.tlog
c:\users\kbc17b12\desktop\game_alf\game\bulletphysics\src\linearmath\x64\debug\linearmath.tlog\lib.6964-link.write.1.tlog
c:\users\kbc17b12\desktop\game_alf\game\bulletphysics\src\linearmath\x64\debug\linearmath.tlog\lib.command.1.tlog
